<?xml version="1.0" encoding="UTF-8"?>
<testng-results ignored="0" total="1" passed="1" failed="0" skipped="0">
  <reporter-output>
  </reporter-output>
  <suite started-at="2018-08-12T12:36:13Z" name="Default suite" finished-at="2018-08-12T12:36:13Z" duration-ms="142">
    <groups>
    </groups>
    <test started-at="2018-08-12T12:36:13Z" name="Default test" finished-at="2018-08-12T12:36:13Z" duration-ms="142">
      <class name="Maven_Demo_Project3.Demo_Project3.Driver">
        <test-method signature="Testing()[pri:0, instance:Maven_Demo_Project3.Demo_Project3.Driver@2638011]" started-at="2018-08-12T12:36:13Z" name="Testing" finished-at="2018-08-12T12:36:13Z" duration-ms="61" status="PASS">
          <reporter-output>
          </reporter-output>
        </test-method> <!-- Testing -->
      </class> <!-- Maven_Demo_Project3.Demo_Project3.Driver -->
    </test> <!-- Default test -->
  </suite> <!-- Default suite -->
</testng-results>
